# JRE version: Java(TM) SE Runtime Environment (7.0_79-b15) (build 1.7.0_79-b15)
# Java VM: Java HotSpot(TM) 64-Bit Server VM (24.79-b02 mixed mode linux-amd64 compressed oops)
Heap
 PSYoungGen      total 50176K, used 50080K [0x00000000ebd00000, 0x00000000f2980000, 0x0000000100000000)
  eden space 49664K, 100% used [0x00000000ebd00000,0x00000000eed80000,0x00000000eed80000)
  from space 512K, 81% used [0x00000000f2900000,0x00000000f2968000,0x00000000f2980000)
  to   space 10752K, 0% used [0x00000000f1480000,0x00000000f1480000,0x00000000f1f00000)
 ParOldGen       total 40960K, used 12793K [0x00000000c3800000, 0x00000000c6000000, 0x00000000ebd00000)
  object space 40960K, 31% used [0x00000000c3800000,0x00000000c447e628,0x00000000c6000000)
 PSPermGen       total 51200K, used 28544K [0x00000000be600000, 0x00000000c1800000, 0x00000000c3800000)
  object space 51200K, 55% used [0x00000000be600000,0x00000000c01e0388,0x00000000c1800000)
GC Heap History (10 events):
Event: 480.207 GC heap before
{Heap before GC invocations=7 (full 1):
 PSYoungGen      total 66048K, used 63488K [0x00000000ebd00000, 0x00000000f0000000, 0x0000000100000000)
  eden space 63488K, 100% used [0x00000000ebd00000,0x00000000efb00000,0x00000000efb00000)
  from space 2560K, 0% used [0x00000000efb00000,0x00000000efb00000,0x00000000efd80000)
  to   space 2560K, 0% used [0x00000000efd80000,0x00000000efd80000,0x00000000f0000000)
 ParOldGen       total 40960K, used 12049K [0x00000000c3800000, 0x00000000c6000000, 0x00000000ebd00000)
  object space 40960K, 29% used [0x00000000c3800000,0x00000000c43c4678,0x00000000c6000000)
 PSPermGen       total 51200K, used 28148K [0x00000000be600000, 0x00000000c1800000, 0x00000000c3800000)
  object space 51200K, 54% used [0x00000000be600000,0x00000000c017d010,0x00000000c1800000)
Event: 480.211 GC heap after
Heap after GC invocations=7 (full 1):
 PSYoungGen      total 57344K, used 2382K [0x00000000ebd00000, 0x00000000f4f00000, 0x0000000100000000)
  eden space 54784K, 0% used [0x00000000ebd00000,0x00000000ebd00000,0x00000000ef280000)
  from space 2560K, 93% used [0x00000000efd80000,0x00000000effd3bd8,0x00000000f0000000)
  to   space 11264K, 0% used [0x00000000ef280000,0x00000000ef280000,0x00000000efd80000)
 ParOldGen       total 40960K, used 12057K [0x00000000c3800000, 0x00000000c6000000, 0x00000000ebd00000)
  object space 40960K, 29% used [0x00000000c3800000,0x00000000c43c6678,0x00000000c6000000)
 PSPermGen       total 51200K, used 28148K [0x00000000be600000, 0x00000000c1800000, 0x00000000c3800000)
  object space 51200K, 54% used [0x00000000be600000,0x00000000c017d010,0x00000000c1800000)
}
Event: 2342.068 GC heap before
{Heap before GC invocations=8 (full 1):
 PSYoungGen      total 57344K, used 57166K [0x00000000ebd00000, 0x00000000f4f00000, 0x0000000100000000)
  eden space 54784K, 100% used [0x00000000ebd00000,0x00000000ef280000,0x00000000ef280000)
  from space 2560K, 93% used [0x00000000efd80000,0x00000000effd3bd8,0x00000000f0000000)
  to   space 11264K, 0% used [0x00000000ef280000,0x00000000ef280000,0x00000000efd80000)
 ParOldGen       total 40960K, used 12057K [0x00000000c3800000, 0x00000000c6000000, 0x00000000ebd00000)
  object space 40960K, 29% used [0x00000000c3800000,0x00000000c43c6678,0x00000000c6000000)
 PSPermGen       total 51200K, used 28306K [0x00000000be600000, 0x00000000c1800000, 0x00000000c3800000)
  object space 51200K, 55% used [0x00000000be600000,0x00000000c01a4900,0x00000000c1800000)
Event: 2342.076 GC heap after
Heap after GC invocations=8 (full 1):
 PSYoungGen      total 66048K, used 1504K [0x00000000ebd00000, 0x00000000f3e00000, 0x0000000100000000)
  eden space 54784K, 0% used [0x00000000ebd00000,0x00000000ebd00000,0x00000000ef280000)
  from space 11264K, 13% used [0x00000000ef280000,0x00000000ef3f8020,0x00000000efd80000)
  to   space 11264K, 0% used [0x00000000f3300000,0x00000000f3300000,0x00000000f3e00000)
 ParOldGen       total 40960K, used 12057K [0x00000000c3800000, 0x00000000c6000000, 0x00000000ebd00000)
  object space 40960K, 29% used [0x00000000c3800000,0x00000000c43c6678,0x00000000c6000000)
 PSPermGen       total 51200K, used 28306K [0x00000000be600000, 0x00000000c1800000, 0x00000000c3800000)
  object space 51200K, 55% used [0x00000000be600000,0x00000000c01a4900,0x00000000c1800000)
}
Event: 4874.289 GC heap before
{Heap before GC invocations=9 (full 1):
 PSYoungGen      total 66048K, used 56288K [0x00000000ebd00000, 0x00000000f3e00000, 0x0000000100000000)
  eden space 54784K, 100% used [0x00000000ebd00000,0x00000000ef280000,0x00000000ef280000)
  from space 11264K, 13% used [0x00000000ef280000,0x00000000ef3f8020,0x00000000efd80000)
  to   space 11264K, 0% used [0x00000000f3300000,0x00000000f3300000,0x00000000f3e00000)
 ParOldGen       total 40960K, used 12057K [0x00000000c3800000, 0x00000000c6000000, 0x00000000ebd00000)
  object space 40960K, 29% used [0x00000000c3800000,0x00000000c43c6678,0x00000000c6000000)
 PSPermGen       total 51200K, used 28465K [0x00000000be600000, 0x00000000c1800000, 0x00000000c3800000)
  object space 51200K, 55% used [0x00000000be600000,0x00000000c01cc4c8,0x00000000c1800000)
Event: 4874.293 GC heap after
Heap after GC invocations=9 (full 1):
 PSYoungGen      total 54272K, used 1408K [0x00000000ebd00000, 0x00000000f3480000, 0x0000000100000000)
  eden space 52736K, 0% used [0x00000000ebd00000,0x00000000ebd00000,0x00000000ef080000)
  from space 1536K, 91% used [0x00000000f3300000,0x00000000f3460000,0x00000000f3480000)
  to   space 11264K, 0% used [0x00000000f1e80000,0x00000000f1e80000,0x00000000f2980000)
 ParOldGen       total 40960K, used 12065K [0x00000000c3800000, 0x00000000c6000000, 0x00000000ebd00000)
  object space 40960K, 29% used [0x00000000c3800000,0x00000000c43c8678,0x00000000c6000000)
 PSPermGen       total 51200K, used 28465K [0x00000000be600000, 0x00000000c1800000, 0x00000000c3800000)
  object space 51200K, 55% used [0x00000000be600000,0x00000000c01cc4c8,0x00000000c1800000)
}
Event: 8354.820 GC heap before
{Heap before GC invocations=10 (full 1):
 PSYoungGen      total 54272K, used 54144K [0x00000000ebd00000, 0x00000000f3480000, 0x0000000100000000)
  eden space 52736K, 100% used [0x00000000ebd00000,0x00000000ef080000,0x00000000ef080000)
  from space 1536K, 91% used [0x00000000f3300000,0x00000000f3460000,0x00000000f3480000)
  to   space 11264K, 0% used [0x00000000f1e80000,0x00000000f1e80000,0x00000000f2980000)
 ParOldGen       total 40960K, used 12065K [0x00000000c3800000, 0x00000000c6000000, 0x00000000ebd00000)
  object space 40960K, 29% used [0x00000000c3800000,0x00000000c43c8678,0x00000000c6000000)
 PSPermGen       total 51200K, used 28507K [0x00000000be600000, 0x00000000c1800000, 0x00000000c3800000)
  object space 51200K, 55% used [0x00000000be600000,0x00000000c01d6d90,0x00000000c1800000)
Event: 8354.824 GC heap after
Heap after GC invocations=10 (full 1):
 PSYoungGen      total 52736K, used 1248K [0x00000000ebd00000, 0x00000000f3380000, 0x0000000100000000)
  eden space 51200K, 0% used [0x00000000ebd00000,0x00000000ebd00000,0x00000000eef00000)
  from space 1536K, 81% used [0x00000000f1e80000,0x00000000f1fb8000,0x00000000f2000000)
  to   space 10752K, 0% used [0x00000000f2900000,0x00000000f2900000,0x00000000f3380000)
 ParOldGen       total 40960K, used 12073K [0x00000000c3800000, 0x00000000c6000000, 0x00000000ebd00000)
  object space 40960K, 29% used [0x00000000c3800000,0x00000000c43ca678,0x00000000c6000000)
 PSPermGen       total 51200K, used 28507K [0x00000000be600000, 0x00000000c1800000, 0x00000000c3800000)
  object space 51200K, 55% used [0x00000000be600000,0x00000000c01d6d90,0x00000000c1800000)
}
Event: 12785.792 GC heap before
{Heap before GC invocations=11 (full 1):
 PSYoungGen      total 52736K, used 52448K [0x00000000ebd00000, 0x00000000f3380000, 0x0000000100000000)
  eden space 51200K, 100% used [0x00000000ebd00000,0x00000000eef00000,0x00000000eef00000)
  from space 1536K, 81% used [0x00000000f1e80000,0x00000000f1fb8000,0x00000000f2000000)
  to   space 10752K, 0% used [0x00000000f2900000,0x00000000f2900000,0x00000000f3380000)
 ParOldGen       total 40960K, used 12073K [0x00000000c3800000, 0x00000000c6000000, 0x00000000ebd00000)
  object space 40960K, 29% used [0x00000000c3800000,0x00000000c43ca678,0x00000000c6000000)
 PSPermGen       total 51200K, used 28514K [0x00000000be600000, 0x00000000c1800000, 0x00000000c3800000)
  object space 51200K, 55% used [0x00000000be600000,0x00000000c01d88c8,0x00000000c1800000)
Event: 12785.799 GC heap after
Heap after GC invocations=11 (full 1):
 PSYoungGen      total 50176K, used 416K [0x00000000ebd00000, 0x00000000f2980000, 0x0000000100000000)
  eden space 49664K, 0% used [0x00000000ebd00000,0x00000000ebd00000,0x00000000eed80000)
  from space 512K, 81% used [0x00000000f2900000,0x00000000f2968000,0x00000000f2980000)
  to   space 10752K, 0% used [0x00000000f1480000,0x00000000f1480000,0x00000000f1f00000)
 ParOldGen       total 40960K, used 12793K [0x00000000c3800000, 0x00000000c6000000, 0x00000000ebd00000)
  object space 40960K, 31% used [0x00000000c3800000,0x00000000c447e628,0x00000000c6000000)
 PSPermGen       total 51200K, used 28514K [0x00000000be600000, 0x00000000c1800000, 0x00000000c3800000)
  object space 51200K, 55% used [0x00000000be600000,0x00000000c01d88c8,0x00000000c1800000)
}

