# JRE version: Java(TM) SE Runtime Environment (7.0_79-b15) (build 1.7.0_79-b15)
# Java VM: Java HotSpot(TM) 64-Bit Server VM (24.79-b02 mixed mode linux-amd64 compressed oops)
Heap
 PSYoungGen      total 88064K, used 87680K [0x00000000ebc80000, 0x00000000f2f80000, 0x0000000100000000)
  eden space 82944K, 100% used [0x00000000ebc80000,0x00000000f0d80000,0x00000000f0d80000)
  from space 5120K, 92% used [0x00000000f2a80000,0x00000000f2f20010,0x00000000f2f80000)
  to   space 9728K, 0% used [0x00000000f1c80000,0x00000000f1c80000,0x00000000f2600000)
 ParOldGen       total 40960K, used 16003K [0x00000000c3600000, 0x00000000c5e00000, 0x00000000ebc80000)
  object space 40960K, 39% used [0x00000000c3600000,0x00000000c45a0d40,0x00000000c5e00000)
 PSPermGen       total 53760K, used 29587K [0x00000000be400000, 0x00000000c1880000, 0x00000000c3600000)
  object space 53760K, 55% used [0x00000000be400000,0x00000000c00e4f58,0x00000000c1880000)
GC Heap History (10 events):
Event: 443.999 GC heap before
{Heap before GC invocations=7 (full 1):
 PSYoungGen      total 66048K, used 63488K [0x00000000ebc80000, 0x00000000eff80000, 0x0000000100000000)
  eden space 63488K, 100% used [0x00000000ebc80000,0x00000000efa80000,0x00000000efa80000)
  from space 2560K, 0% used [0x00000000efa80000,0x00000000efa80000,0x00000000efd00000)
  to   space 2560K, 0% used [0x00000000efd00000,0x00000000efd00000,0x00000000eff80000)
 ParOldGen       total 40960K, used 15032K [0x00000000c3600000, 0x00000000c5e00000, 0x00000000ebc80000)
  object space 40960K, 36% used [0x00000000c3600000,0x00000000c44ae3b8,0x00000000c5e00000)
 PSPermGen       total 53760K, used 29398K [0x00000000be400000, 0x00000000c1880000, 0x00000000c3600000)
  object space 53760K, 54% used [0x00000000be400000,0x00000000c00b5b58,0x00000000c1880000)
Event: 444.053 GC heap after
Heap after GC invocations=7 (full 1):
 PSYoungGen      total 58368K, used 2544K [0x00000000ebc80000, 0x00000000f4c80000, 0x0000000100000000)
  eden space 55808K, 0% used [0x00000000ebc80000,0x00000000ebc80000,0x00000000ef300000)
  from space 2560K, 99% used [0x00000000efd00000,0x00000000eff7c170,0x00000000eff80000)
  to   space 10240K, 0% used [0x00000000ef300000,0x00000000ef300000,0x00000000efd00000)
 ParOldGen       total 40960K, used 15180K [0x00000000c3600000, 0x00000000c5e00000, 0x00000000ebc80000)
  object space 40960K, 37% used [0x00000000c3600000,0x00000000c44d3248,0x00000000c5e00000)
 PSPermGen       total 53760K, used 29398K [0x00000000be400000, 0x00000000c1880000, 0x00000000c3600000)
  object space 53760K, 54% used [0x00000000be400000,0x00000000c00b5b58,0x00000000c1880000)
}
Event: 1134.456 GC heap before
{Heap before GC invocations=8 (full 1):
 PSYoungGen      total 58368K, used 58352K [0x00000000ebc80000, 0x00000000f4c80000, 0x0000000100000000)
  eden space 55808K, 100% used [0x00000000ebc80000,0x00000000ef300000,0x00000000ef300000)
  from space 2560K, 99% used [0x00000000efd00000,0x00000000eff7c170,0x00000000eff80000)
  to   space 10240K, 0% used [0x00000000ef300000,0x00000000ef300000,0x00000000efd00000)
 ParOldGen       total 40960K, used 15180K [0x00000000c3600000, 0x00000000c5e00000, 0x00000000ebc80000)
  object space 40960K, 37% used [0x00000000c3600000,0x00000000c44d3248,0x00000000c5e00000)
 PSPermGen       total 53760K, used 29461K [0x00000000be400000, 0x00000000c1880000, 0x00000000c3600000)
  object space 53760K, 54% used [0x00000000be400000,0x00000000c00c55b8,0x00000000c1880000)
Event: 1134.495 GC heap after
Heap after GC invocations=8 (full 1):
 PSYoungGen      total 66048K, used 1232K [0x00000000ebc80000, 0x00000000f3e80000, 0x0000000100000000)
  eden space 55808K, 0% used [0x00000000ebc80000,0x00000000ebc80000,0x00000000ef300000)
  from space 10240K, 12% used [0x00000000ef300000,0x00000000ef434010,0x00000000efd00000)
  to   space 10752K, 0% used [0x00000000f3400000,0x00000000f3400000,0x00000000f3e80000)
 ParOldGen       total 40960K, used 15180K [0x00000000c3600000, 0x00000000c5e00000, 0x00000000ebc80000)
  object space 40960K, 37% used [0x00000000c3600000,0x00000000c44d3248,0x00000000c5e00000)
 PSPermGen       total 53760K, used 29461K [0x00000000be400000, 0x00000000c1880000, 0x00000000c3600000)
  object space 53760K, 54% used [0x00000000be400000,0x00000000c00c55b8,0x00000000c1880000)
}
Event: 1345.937 GC heap before
{Heap before GC invocations=9 (full 1):
 PSYoungGen      total 66048K, used 57040K [0x00000000ebc80000, 0x00000000f3e80000, 0x0000000100000000)
  eden space 55808K, 100% used [0x00000000ebc80000,0x00000000ef300000,0x00000000ef300000)
  from space 10240K, 12% used [0x00000000ef300000,0x00000000ef434010,0x00000000efd00000)
  to   space 10752K, 0% used [0x00000000f3400000,0x00000000f3400000,0x00000000f3e80000)
 ParOldGen       total 40960K, used 15180K [0x00000000c3600000, 0x00000000c5e00000, 0x00000000ebc80000)
  object space 40960K, 37% used [0x00000000c3600000,0x00000000c44d3248,0x00000000c5e00000)
 PSPermGen       total 53760K, used 29531K [0x00000000be400000, 0x00000000c1880000, 0x00000000c3600000)
  object space 53760K, 54% used [0x00000000be400000,0x00000000c00d6fa0,0x00000000c1880000)
Event: 1345.942 GC heap after
Heap after GC invocations=9 (full 1):
 PSYoungGen      total 57344K, used 3248K [0x00000000ebc80000, 0x00000000f3780000, 0x0000000100000000)
  eden space 53760K, 0% used [0x00000000ebc80000,0x00000000ebc80000,0x00000000ef100000)
  from space 3584K, 90% used [0x00000000f3400000,0x00000000f372c020,0x00000000f3780000)
  to   space 10240K, 0% used [0x00000000f2380000,0x00000000f2380000,0x00000000f2d80000)
 ParOldGen       total 40960K, used 15180K [0x00000000c3600000, 0x00000000c5e00000, 0x00000000ebc80000)
  object space 40960K, 37% used [0x00000000c3600000,0x00000000c44d3248,0x00000000c5e00000)
 PSPermGen       total 53760K, used 29531K [0x00000000be400000, 0x00000000c1880000, 0x00000000c3600000)
  object space 53760K, 54% used [0x00000000be400000,0x00000000c00d6fa0,0x00000000c1880000)
}
Event: 1346.158 GC heap before
{Heap before GC invocations=10 (full 1):
 PSYoungGen      total 57344K, used 57008K [0x00000000ebc80000, 0x00000000f3780000, 0x0000000100000000)
  eden space 53760K, 100% used [0x00000000ebc80000,0x00000000ef100000,0x00000000ef100000)
  from space 3584K, 90% used [0x00000000f3400000,0x00000000f372c020,0x00000000f3780000)
  to   space 10240K, 0% used [0x00000000f2380000,0x00000000f2380000,0x00000000f2d80000)
 ParOldGen       total 40960K, used 15180K [0x00000000c3600000, 0x00000000c5e00000, 0x00000000ebc80000)
  object space 40960K, 37% used [0x00000000c3600000,0x00000000c44d3248,0x00000000c5e00000)
 PSPermGen       total 53760K, used 29531K [0x00000000be400000, 0x00000000c1880000, 0x00000000c3600000)
  object space 53760K, 54% used [0x00000000be400000,0x00000000c00d6fa0,0x00000000c1880000)
Event: 1346.162 GC heap after
Heap after GC invocations=10 (full 1):
 PSYoungGen      total 57344K, used 5504K [0x00000000ebc80000, 0x00000000f3480000, 0x0000000100000000)
  eden space 51712K, 0% used [0x00000000ebc80000,0x00000000ebc80000,0x00000000eef00000)
  from space 5632K, 97% used [0x00000000f2380000,0x00000000f28e0030,0x00000000f2900000)
  to   space 10240K, 0% used [0x00000000f2a80000,0x00000000f2a80000,0x00000000f3480000)
 ParOldGen       total 40960K, used 15180K [0x00000000c3600000, 0x00000000c5e00000, 0x00000000ebc80000)
  object space 40960K, 37% used [0x00000000c3600000,0x00000000c44d3248,0x00000000c5e00000)
 PSPermGen       total 53760K, used 29531K [0x00000000be400000, 0x00000000c1880000, 0x00000000c3600000)
  object space 53760K, 54% used [0x00000000be400000,0x00000000c00d6fa0,0x00000000c1880000)
}
Event: 1346.381 GC heap before
{Heap before GC invocations=11 (full 1):
 PSYoungGen      total 57344K, used 57216K [0x00000000ebc80000, 0x00000000f3480000, 0x0000000100000000)
  eden space 51712K, 100% used [0x00000000ebc80000,0x00000000eef00000,0x00000000eef00000)
  from space 5632K, 97% used [0x00000000f2380000,0x00000000f28e0030,0x00000000f2900000)
  to   space 10240K, 0% used [0x00000000f2a80000,0x00000000f2a80000,0x00000000f3480000)
 ParOldGen       total 40960K, used 15180K [0x00000000c3600000, 0x00000000c5e00000, 0x00000000ebc80000)
  object space 40960K, 37% used [0x00000000c3600000,0x00000000c44d3248,0x00000000c5e00000)
 PSPermGen       total 53760K, used 29533K [0x00000000be400000, 0x00000000c1880000, 0x00000000c3600000)
  object space 53760K, 54% used [0x00000000be400000,0x00000000c00d7500,0x00000000c1880000)
Event: 1346.386 GC heap after
Heap after GC invocations=11 (full 1):
 PSYoungGen      total 88064K, used 4736K [0x00000000ebc80000, 0x00000000f2f80000, 0x0000000100000000)
  eden space 82944K, 0% used [0x00000000ebc80000,0x00000000ebc80000,0x00000000f0d80000)
  from space 5120K, 92% used [0x00000000f2a80000,0x00000000f2f20010,0x00000000f2f80000)
  to   space 9728K, 0% used [0x00000000f1c80000,0x00000000f1c80000,0x00000000f2600000)
 ParOldGen       total 40960K, used 16003K [0x00000000c3600000, 0x00000000c5e00000, 0x00000000ebc80000)
  object space 40960K, 39% used [0x00000000c3600000,0x00000000c45a0d40,0x00000000c5e00000)
 PSPermGen       total 53760K, used 29533K [0x00000000be400000, 0x00000000c1880000, 0x00000000c3600000)
  object space 53760K, 54% used [0x00000000be400000,0x00000000c00d7500,0x00000000c1880000)
}

