# JRE version: Java(TM) SE Runtime Environment (7.0_79-b15) (build 1.7.0_79-b15)
# Java VM: Java HotSpot(TM) 64-Bit Server VM (24.79-b02 mixed mode linux-amd64 compressed oops)
Heap
 PSYoungGen      total 134656K, used 115387K [0x00000000ebc80000, 0x00000000fc480000, 0x0000000100000000)
  eden space 125952K, 91% used [0x00000000ebc80000,0x00000000f2d0ee80,0x00000000f3780000)
  from space 8704K, 1% used [0x00000000f3780000,0x00000000f37a0000,0x00000000f4000000)
  to   space 9216K, 0% used [0x00000000fbb80000,0x00000000fbb80000,0x00000000fc480000)
 ParOldGen       total 40960K, used 24291K [0x00000000c3600000, 0x00000000c5e00000, 0x00000000ebc80000)
  object space 40960K, 59% used [0x00000000c3600000,0x00000000c4db8dc8,0x00000000c5e00000)
 PSPermGen       total 53760K, used 27010K [0x00000000be400000, 0x00000000c1880000, 0x00000000c3600000)
  object space 53760K, 50% used [0x00000000be400000,0x00000000bfe60ad8,0x00000000c1880000)
GC Heap History (10 events):
Event: 8.554 GC heap before
{Heap before GC invocations=6 (full 0):
 PSYoungGen      total 34304K, used 27041K [0x00000000ebc80000, 0x00000000f0b80000, 0x0000000100000000)
  eden space 31744K, 77% used [0x00000000ebc80000,0x00000000ed46c5e0,0x00000000edb80000)
  from space 2560K, 99% used [0x00000000edb80000,0x00000000eddfc030,0x00000000ede00000)
  to   space 8704K, 0% used [0x00000000f0300000,0x00000000f0300000,0x00000000f0b80000)
 ParOldGen       total 40960K, used 14043K [0x00000000c3600000, 0x00000000c5e00000, 0x00000000ebc80000)
  object space 40960K, 34% used [0x00000000c3600000,0x00000000c43b6ed0,0x00000000c5e00000)
 PSPermGen       total 27136K, used 26753K [0x00000000be400000, 0x00000000bfe80000, 0x00000000c3600000)
  object space 27136K, 98% used [0x00000000be400000,0x00000000bfe20550,0x00000000bfe80000)
Event: 8.566 GC heap after
Heap after GC invocations=6 (full 0):
 PSYoungGen      total 71680K, used 7099K [0x00000000ebc80000, 0x00000000f0c80000, 0x0000000100000000)
  eden space 62976K, 0% used [0x00000000ebc80000,0x00000000ebc80000,0x00000000efa00000)
  from space 8704K, 81% used [0x00000000f0300000,0x00000000f09eee68,0x00000000f0b80000)
  to   space 9216K, 0% used [0x00000000efa00000,0x00000000efa00000,0x00000000f0300000)
 ParOldGen       total 40960K, used 14043K [0x00000000c3600000, 0x00000000c5e00000, 0x00000000ebc80000)
  object space 40960K, 34% used [0x00000000c3600000,0x00000000c43b6ed0,0x00000000c5e00000)
 PSPermGen       total 27136K, used 26753K [0x00000000be400000, 0x00000000bfe80000, 0x00000000c3600000)
  object space 27136K, 98% used [0x00000000be400000,0x00000000bfe20550,0x00000000bfe80000)
}
Event: 8.566 GC heap before
{Heap before GC invocations=7 (full 1):
 PSYoungGen      total 71680K, used 7099K [0x00000000ebc80000, 0x00000000f0c80000, 0x0000000100000000)
  eden space 62976K, 0% used [0x00000000ebc80000,0x00000000ebc80000,0x00000000efa00000)
  from space 8704K, 81% used [0x00000000f0300000,0x00000000f09eee68,0x00000000f0b80000)
  to   space 9216K, 0% used [0x00000000efa00000,0x00000000efa00000,0x00000000f0300000)
 ParOldGen       total 40960K, used 14043K [0x00000000c3600000, 0x00000000c5e00000, 0x00000000ebc80000)
  object space 40960K, 34% used [0x00000000c3600000,0x00000000c43b6ed0,0x00000000c5e00000)
 PSPermGen       total 27136K, used 26753K [0x00000000be400000, 0x00000000bfe80000, 0x00000000c3600000)
  object space 27136K, 98% used [0x00000000be400000,0x00000000bfe20550,0x00000000bfe80000)
Event: 8.682 GC heap after
Heap after GC invocations=7 (full 1):
 PSYoungGen      total 71680K, used 0K [0x00000000ebc80000, 0x00000000f0c80000, 0x0000000100000000)
  eden space 62976K, 0% used [0x00000000ebc80000,0x00000000ebc80000,0x00000000efa00000)
  from space 8704K, 0% used [0x00000000f0300000,0x00000000f0300000,0x00000000f0b80000)
  to   space 9216K, 0% used [0x00000000efa00000,0x00000000efa00000,0x00000000f0300000)
 ParOldGen       total 40960K, used 15075K [0x00000000c3600000, 0x00000000c5e00000, 0x00000000ebc80000)
  object space 40960K, 36% used [0x00000000c3600000,0x00000000c44b8db8,0x00000000c5e00000)
 PSPermGen       total 53760K, used 26745K [0x00000000be400000, 0x00000000c1880000, 0x00000000c3600000)
  object space 53760K, 49% used [0x00000000be400000,0x00000000bfe1e408,0x00000000c1880000)
}
Event: 64.870 GC heap before
{Heap before GC invocations=8 (full 1):
 PSYoungGen      total 71680K, used 62976K [0x00000000ebc80000, 0x00000000f0c80000, 0x0000000100000000)
  eden space 62976K, 100% used [0x00000000ebc80000,0x00000000efa00000,0x00000000efa00000)
  from space 8704K, 0% used [0x00000000f0300000,0x00000000f0300000,0x00000000f0b80000)
  to   space 9216K, 0% used [0x00000000efa00000,0x00000000efa00000,0x00000000f0300000)
 ParOldGen       total 40960K, used 15075K [0x00000000c3600000, 0x00000000c5e00000, 0x00000000ebc80000)
  object space 40960K, 36% used [0x00000000c3600000,0x00000000c44b8db8,0x00000000c5e00000)
 PSPermGen       total 53760K, used 26913K [0x00000000be400000, 0x00000000c1880000, 0x00000000c3600000)
  object space 53760K, 50% used [0x00000000be400000,0x00000000bfe48708,0x00000000c1880000)
Event: 64.942 GC heap after
Heap after GC invocations=8 (full 1):
 PSYoungGen      total 72192K, used 2464K [0x00000000ebc80000, 0x00000000f4980000, 0x0000000100000000)
  eden space 62976K, 0% used [0x00000000ebc80000,0x00000000ebc80000,0x00000000efa00000)
  from space 9216K, 26% used [0x00000000efa00000,0x00000000efc68010,0x00000000f0300000)
  to   space 9216K, 0% used [0x00000000f4080000,0x00000000f4080000,0x00000000f4980000)
 ParOldGen       total 40960K, used 15075K [0x00000000c3600000, 0x00000000c5e00000, 0x00000000ebc80000)
  object space 40960K, 36% used [0x00000000c3600000,0x00000000c44b8db8,0x00000000c5e00000)
 PSPermGen       total 53760K, used 26913K [0x00000000be400000, 0x00000000c1880000, 0x00000000c3600000)
  object space 53760K, 50% used [0x00000000be400000,0x00000000bfe48708,0x00000000c1880000)
}
Event: 65.190 GC heap before
{Heap before GC invocations=9 (full 1):
 PSYoungGen      total 72192K, used 65440K [0x00000000ebc80000, 0x00000000f4980000, 0x0000000100000000)
  eden space 62976K, 100% used [0x00000000ebc80000,0x00000000efa00000,0x00000000efa00000)
  from space 9216K, 26% used [0x00000000efa00000,0x00000000efc68010,0x00000000f0300000)
  to   space 9216K, 0% used [0x00000000f4080000,0x00000000f4080000,0x00000000f4980000)
 ParOldGen       total 40960K, used 15075K [0x00000000c3600000, 0x00000000c5e00000, 0x00000000ebc80000)
  object space 40960K, 36% used [0x00000000c3600000,0x00000000c44b8db8,0x00000000c5e00000)
 PSPermGen       total 53760K, used 26935K [0x00000000be400000, 0x00000000c1880000, 0x00000000c3600000)
  object space 53760K, 50% used [0x00000000be400000,0x00000000bfe4de60,0x00000000c1880000)
Event: 65.194 GC heap after
Heap after GC invocations=9 (full 1):
 PSYoungGen      total 134144K, used 4768K [0x00000000ebc80000, 0x00000000f4880000, 0x0000000100000000)
  eden space 125952K, 0% used [0x00000000ebc80000,0x00000000ebc80000,0x00000000f3780000)
  from space 8192K, 58% used [0x00000000f4080000,0x00000000f4528010,0x00000000f4880000)
  to   space 8704K, 0% used [0x00000000f3780000,0x00000000f3780000,0x00000000f4000000)
 ParOldGen       total 40960K, used 15075K [0x00000000c3600000, 0x00000000c5e00000, 0x00000000ebc80000)
  object space 40960K, 36% used [0x00000000c3600000,0x00000000c44b8db8,0x00000000c5e00000)
 PSPermGen       total 53760K, used 26935K [0x00000000be400000, 0x00000000c1880000, 0x00000000c3600000)
  object space 53760K, 50% used [0x00000000be400000,0x00000000bfe4de60,0x00000000c1880000)
}
Event: 65.702 GC heap before
{Heap before GC invocations=10 (full 1):
 PSYoungGen      total 134144K, used 130720K [0x00000000ebc80000, 0x00000000f4880000, 0x0000000100000000)
  eden space 125952K, 100% used [0x00000000ebc80000,0x00000000f3780000,0x00000000f3780000)
  from space 8192K, 58% used [0x00000000f4080000,0x00000000f4528010,0x00000000f4880000)
  to   space 8704K, 0% used [0x00000000f3780000,0x00000000f3780000,0x00000000f4000000)
 ParOldGen       total 40960K, used 15075K [0x00000000c3600000, 0x00000000c5e00000, 0x00000000ebc80000)
  object space 40960K, 36% used [0x00000000c3600000,0x00000000c44b8db8,0x00000000c5e00000)
 PSPermGen       total 53760K, used 26989K [0x00000000be400000, 0x00000000c1880000, 0x00000000c3600000)
  object space 53760K, 50% used [0x00000000be400000,0x00000000bfe5b450,0x00000000c1880000)
Event: 65.707 GC heap after
Heap after GC invocations=10 (full 1):
 PSYoungGen      total 134656K, used 128K [0x00000000ebc80000, 0x00000000fc480000, 0x0000000100000000)
  eden space 125952K, 0% used [0x00000000ebc80000,0x00000000ebc80000,0x00000000f3780000)
  from space 8704K, 1% used [0x00000000f3780000,0x00000000f37a0000,0x00000000f4000000)
  to   space 9216K, 0% used [0x00000000fbb80000,0x00000000fbb80000,0x00000000fc480000)
 ParOldGen       total 40960K, used 24291K [0x00000000c3600000, 0x00000000c5e00000, 0x00000000ebc80000)
  object space 40960K, 59% used [0x00000000c3600000,0x00000000c4db8dc8,0x00000000c5e00000)
 PSPermGen       total 53760K, used 26989K [0x00000000be400000, 0x00000000c1880000, 0x00000000c3600000)
  object space 53760K, 50% used [0x00000000be400000,0x00000000bfe5b450,0x00000000c1880000)
}

